<?xml version="1.0" encoding="UTF-8"?>
<robot generator="Robot 5.0 (Python 3.9.8 on win32)" generated="20220420 16:25:10.330" rpa="false" schemaversion="3">
<suite id="s1" name="FarmEasy" source="C:\Users\Dell\PycharmProjects\FarmEasy-Automation-using-Robot\Tests\FarmEasy\FunctionalTestSuite\FarmEasy.robot">
<test id="s1-t1" name="user login test case" line="16">
<kw name="Open Browser" library="SeleniumLibrary">
<arg>${url}</arg>
<arg>chrome</arg>
<doc>Opens a new browser instance to the optional ``url``.</doc>
<msg timestamp="20220420 16:25:10.750" level="INFO">Opening browser 'chrome' to base url 'http://127.0.0.1:5000/'.</msg>
<status status="PASS" starttime="20220420 16:25:10.750" endtime="20220420 16:25:13.728"/>
</kw>
<kw name="Maximize Browser Window" library="SeleniumLibrary">
<doc>Maximizes current browser window.</doc>
<status status="PASS" starttime="20220420 16:25:13.730" endtime="20220420 16:25:13.990"/>
</kw>
<kw name="Click Link" library="SeleniumLibrary">
<arg>xpath://html/body/section[1]/div/ul/li[1]/a</arg>
<doc>Clicks a link identified by ``locator``.</doc>
<msg timestamp="20220420 16:25:13.994" level="INFO">Clicking link 'xpath://html/body/section[1]/div/ul/li[1]/a'.</msg>
<status status="PASS" starttime="20220420 16:25:13.992" endtime="20220420 16:25:14.660"/>
</kw>
<kw name="Sleep" library="BuiltIn">
<arg>1s</arg>
<doc>Pauses the test executed for the given time.</doc>
<msg timestamp="20220420 16:25:15.666" level="INFO">Slept 1 second</msg>
<status status="PASS" starttime="20220420 16:25:14.665" endtime="20220420 16:25:15.666"/>
</kw>
<kw name="Input Text" library="SeleniumLibrary">
<arg>name:email</arg>
<arg>${email}</arg>
<doc>Types the given ``text`` into the text field identified by ``locator``.</doc>
<msg timestamp="20220420 16:25:15.666" level="INFO">Typing text 'yashindiasoni@gmail.com' into text field 'name:email'.</msg>
<status status="PASS" starttime="20220420 16:25:15.666" endtime="20220420 16:25:15.840"/>
</kw>
<kw name="Sleep" library="BuiltIn">
<arg>1s</arg>
<doc>Pauses the test executed for the given time.</doc>
<msg timestamp="20220420 16:25:16.841" level="INFO">Slept 1 second</msg>
<status status="PASS" starttime="20220420 16:25:15.840" endtime="20220420 16:25:16.841"/>
</kw>
<kw name="Input Text" library="SeleniumLibrary">
<arg>name:pass</arg>
<arg>${password}</arg>
<doc>Types the given ``text`` into the text field identified by ``locator``.</doc>
<msg timestamp="20220420 16:25:16.841" level="INFO">Typing text '123' into text field 'name:pass'.</msg>
<status status="PASS" starttime="20220420 16:25:16.841" endtime="20220420 16:25:17.122"/>
</kw>
<kw name="Sleep" library="BuiltIn">
<arg>1s</arg>
<doc>Pauses the test executed for the given time.</doc>
<msg timestamp="20220420 16:25:18.131" level="INFO">Slept 1 second</msg>
<status status="PASS" starttime="20220420 16:25:17.122" endtime="20220420 16:25:18.131"/>
</kw>
<kw name="Click Button" library="SeleniumLibrary">
<arg>xpath://html/body/div/div/div/div/form/button</arg>
<doc>Clicks the button identified by ``locator``.</doc>
<msg timestamp="20220420 16:25:18.131" level="INFO">Clicking button 'xpath://html/body/div/div/div/div/form/button'.</msg>
<status status="PASS" starttime="20220420 16:25:18.131" endtime="20220420 16:25:18.440"/>
</kw>
<kw name="Sleep" library="BuiltIn">
<arg>3s</arg>
<doc>Pauses the test executed for the given time.</doc>
<msg timestamp="20220420 16:25:21.460" level="INFO">Slept 3 seconds</msg>
<status status="PASS" starttime="20220420 16:25:18.451" endtime="20220420 16:25:21.460"/>
</kw>
<doc>user login</doc>
<tag>login</tag>
<status status="PASS" starttime="20220420 16:25:10.750" endtime="20220420 16:25:21.460"/>
</test>
<test id="s1-t2" name="viewall products test case" line="30">
<kw name="Click Button" library="SeleniumLibrary">
<arg>xpath://html/body/section[2]/div[4]/a/button</arg>
<doc>Clicks the button identified by ``locator``.</doc>
<msg timestamp="20220420 16:25:21.460" level="INFO">Clicking button 'xpath://html/body/section[2]/div[4]/a/button'.</msg>
<msg timestamp="20220420 16:25:22.900" level="INFO" html="true">&lt;/td&gt;&lt;/tr&gt;&lt;tr&gt;&lt;td colspan="3"&gt;&lt;a href="selenium-screenshot-1.png"&gt;&lt;img src="selenium-screenshot-1.png" width="800px"&gt;&lt;/a&gt;</msg>
<msg timestamp="20220420 16:25:22.900" level="FAIL">ElementClickInterceptedException: Message: element click intercepted: Element is not clickable at point (196, 953)
  (Session info: chrome=100.0.4896.88)
Stacktrace:
Backtrace:
	Ordinal0 [0x00759943+2595139]
	Ordinal0 [0x006EC9F1+2148849]
	Ordinal0 [0x005E4528+1066280]
	Ordinal0 [0x00617621+1275425]
	Ordinal0 [0x00615657+1267287]
	Ordinal0 [0x0061333B+1258299]
	Ordinal0 [0x0061207D+1253501]
	Ordinal0 [0x00607AB3+1211059]
	Ordinal0 [0x0062B9EC+1358316]
	Ordinal0 [0x00607474+1209460]
	Ordinal0 [0x0062BC04+1358852]
	Ordinal0 [0x0063BAF2+1424114]
	Ordinal0 [0x0062B806+1357830]
	Ordinal0 [0x00606086+1204358]
	Ordinal0 [0x00606F96+1208214]
	GetHandleVerifier [0x008FB232+1658114]
	GetHandleVerifier [0x009B312C+2411516]
	GetHandleVerifier [0x007EF261+560433]
	GetHandleVerifier [0x007EE366+556598]
	Ordinal0 [0x006F286B+2173035]
	Ordinal0 [0x006F75F8+2192888]
	Ordinal0 [0x006F76E5+2193125]
	Ordinal0 [0x007011FC+2232828]
	BaseThreadInitThunk [0x76AF6739+25]
	RtlGetFullPathName_UEx [0x77658E7F+1215]
	RtlGetFullPathName_UEx [0x77658E4D+1165]
</msg>
<status status="FAIL" starttime="20220420 16:25:21.460" endtime="20220420 16:25:22.900"/>
</kw>
<kw name="Sleep" library="BuiltIn">
<arg>2s</arg>
<doc>Pauses the test executed for the given time.</doc>
<status status="NOT RUN" starttime="20220420 16:25:22.900" endtime="20220420 16:25:22.900"/>
</kw>
<kw name="Close Browser" library="SeleniumLibrary">
<doc>Closes the current browser.</doc>
<status status="NOT RUN" starttime="20220420 16:25:22.900" endtime="20220420 16:25:22.900"/>
</kw>
<doc>view all products</doc>
<tag>viewall</tag>
<status status="FAIL" starttime="20220420 16:25:21.460" endtime="20220420 16:25:22.910">ElementClickInterceptedException: Message: element click intercepted: Element is not clickable at point (196, 953)
  (Session info: chrome=100.0.4896.88)
Stacktrace:
Backtrace:
	Ordinal0 [0x00759943+2595139]
	Ordinal0 [0x006EC9F1+2148849]
	Ordinal0 [0x005E4528+1066280]
	Ordinal0 [0x00617621+1275425]
	Ordinal0 [0x00615657+1267287]
	Ordinal0 [0x0061333B+1258299]
	Ordinal0 [0x0061207D+1253501]
	Ordinal0 [0x00607AB3+1211059]
	Ordinal0 [0x0062B9EC+1358316]
	Ordinal0 [0x00607474+1209460]
	Ordinal0 [0x0062BC04+1358852]
	Ordinal0 [0x0063BAF2+1424114]
	Ordinal0 [0x0062B806+1357830]
	Ordinal0 [0x00606086+1204358]
	Ordinal0 [0x00606F96+1208214]
	GetHandleVerifier [0x008FB232+1658114]
	GetHandleVerifier [0x009B312C+2411516]
	GetHandleVerifier [0x007EF261+560433]
	GetHandleVerifier [0x007EE366+556598]
	Ordinal0 [0x006F286B+2173035]
	Ordinal0 [0x006F75F8+2192888]
	Ordinal0 [0x006F76E5+2193125]
	Ordinal0 [0x007011FC+2232828]
	BaseThreadInitThunk [0x76AF6739+25]
	RtlGetFullPathName_UEx [0x77658E7F+1215]
	RtlGetFullPathName_UEx [0x77658E4D+1165]
</status>
</test>
<status status="FAIL" starttime="20220420 16:25:10.330" endtime="20220420 16:25:22.910"/>
</suite>
<statistics>
<total>
<stat pass="1" fail="1" skip="0">All Tests</stat>
</total>
<tag>
<stat pass="1" fail="0" skip="0">login</stat>
<stat pass="0" fail="1" skip="0">viewall</stat>
</tag>
<suite>
<stat pass="1" fail="1" skip="0" id="s1" name="FarmEasy">FarmEasy</stat>
</suite>
</statistics>
<errors>
</errors>
</robot>
